<?xml version="1.0" encoding="UTF-8"?>
<!-- Generated by org.testng.reporters.JUnitReportReporter -->
<testsuite hostname="BASHA" failures="0" tests="1" name="siva.Hyr" time="25.601" errors="0" timestamp="2022-08-24T01:29:20 IST" skipped="0">
  <testcase classname="siva.Hyr" name="main" time="25.601"/>
  <system-out/>
</testsuite> <!-- siva.Hyr -->
