<?xml version="1.0" encoding="UTF-8"?>
<!-- Generated by org.testng.reporters.JUnitReportReporter -->
<testsuite hostname="BASHA" failures="0" tests="1" name="selenium_interview.File_Download" time="15.980" errors="0" timestamp="2022-08-24T01:29:20 IST" skipped="0">
  <testcase classname="selenium_interview.File_Download" name="main" time="15.980"/>
  <system-out/>
</testsuite> <!-- selenium_interview.File_Download -->
