<?xml version="1.0" encoding="UTF-8"?>
<!-- Generated by org.testng.reporters.JUnitReportReporter -->
<testsuite hostname="BASHA" failures="0" tests="1" name="siva.Hyr" time="17.193" errors="0" timestamp="2022-08-24T22:03:40 IST" skipped="0">
  <testcase classname="siva.Hyr" name="main" time="17.193"/>
  <system-out/>
</testsuite> <!-- siva.Hyr -->
